<?xml version="1.0" encoding="UTF-8"?>
<testsuite name="generator.InterfaceGeneratorTest" tests="1" skipped="0" failures="0" errors="0" timestamp="2017-12-16T06:24:13" hostname="Manaswis-MacBook-Pro.local" time="0.008">
  <properties/>
  <testcase name="testGenerate" classname="generator.InterfaceGeneratorTest" time="0.008"/>
  <system-out><![CDATA[public interface interfaceSome{
	public void hPpMqD();
	public void sChtso();
}

true
]]></system-out>
  <system-err><![CDATA[]]></system-err>
</testsuite>
